
Showing logs for build [32mcb-kubecd-bdd-gh-1574355952-pr-1[0m stage [32mfrom-build-pack[0m and container [32mstep-credential-initializer-442hm[0m
{"level":"warn","ts":1574358015.178452,"logger":"fallback-logger","caller":"logging/config.go:69","msg":"Fetch GitHub commit ID from kodata failed: \"ref: refs/heads/master\" is not a valid GitHub commit ID"}
{"level":"info","ts":1574358015.178996,"logger":"fallback-logger","caller":"creds-init/main.go:40","msg":"Credentials initialized."}

Showing logs for build [32mcb-kubecd-bdd-gh-1574355952-pr-1[0m stage [32mfrom-build-pack[0m and container [32mstep-working-dir-initializer-mgpff[0m
{"level":"warn","ts":1574358016.745075,"logger":"fallback-logger","caller":"logging/config.go:69","msg":"Fetch GitHub commit ID from kodata failed: open /var/run/ko/HEAD: no such file or directory"}
{"level":"info","ts":1574358016.7477715,"logger":"fallback-logger","caller":"bash/main.go:65","msg":"Successfully executed command \"mkdir -p /workspace/source\""}

Showing logs for build [32mcb-kubecd-bdd-gh-1574355952-pr-1[0m stage [32mfrom-build-pack[0m and container [32mstep-place-tools[0m

Showing logs for build [32mcb-kubecd-bdd-gh-1574355952-pr-1[0m stage [32mfrom-build-pack[0m and container [32mstep-git-source-cb-kubecd-bdd-gh-1574355952-pr-lcj4f[0m
{"level":"warn","ts":1574358025.8262432,"logger":"fallback-logger","caller":"logging/config.go:69","msg":"Fetch GitHub commit ID from kodata failed: \"ref: refs/heads/master\" is not a valid GitHub commit ID"}
{"level":"info","ts":1574358026.8976076,"logger":"fallback-logger","caller":"git/git.go:102","msg":"Successfully cloned https://github.com/cb-kubecd/bdd-gh-1574355952.git @ master in path /workspace/source"}

Showing logs for build [32mcb-kubecd-bdd-gh-1574355952-pr-1[0m stage [32mfrom-build-pack[0m and container [32mstep-git-merge[0m
Using SHAs from PULL_REFS=master:eff213af39a652a5712f653b32b8071337ff110a,1:62a7dafaea54b78c92c4198d70f21fdf006aafa7
DEBUG: ran git fetch --unshallow origin 62a7dafaea54b78c92c4198d70f21fdf006aafa7: eff213af39a652a5712f653b32b8071337ff110a: in 
DEBUG: ran git checkout master in 
DEBUG: ran git reset --hard eff213af39a652a5712f653b32b8071337ff110a in 
DEBUG: ran clean --force -d . in 
DEBUG: ran git merge 62a7dafaea54b78c92c4198d70f21fdf006aafa7 in 
Merged SHA 62a7dafaea54b78c92c4198d70f21fdf006aafa7 with commit message 'My first PR commit' into base branch master

Showing logs for build [32mcb-kubecd-bdd-gh-1574355952-pr-1[0m stage [32mfrom-build-pack[0m and container [32mstep-build-make-linux[0m
CGO_ENABLED=0 GOOS=linux GOARCH=amd64 GO15VENDOREXPERIMENT=1 go build -ldflags '' -o bin/bdd-gh-1574355952 main.go

Showing logs for build [32mcb-kubecd-bdd-gh-1574355952-pr-1[0m stage [32mfrom-build-pack[0m and container [32mstep-build-container-build[0m
[36mINFO[0m[0000] No base image, nothing to extract            
[36mINFO[0m[0000] cmd: EXPOSE                                  
[36mINFO[0m[0000] Adding exposed port: 8080/tcp                
[36mINFO[0m[0000] Using files from context: [/workspace/source/bin] 
[36mINFO[0m[0000] Skipping unpacking as no commands require it. 
[36mINFO[0m[0000] Taking snapshot of full filesystem...        
[36mINFO[0m[0000] EXPOSE 8080                                  
[36mINFO[0m[0000] cmd: EXPOSE                                  
[36mINFO[0m[0000] Adding exposed port: 8080/tcp                
[36mINFO[0m[0000] No files changed in this command, skipping snapshotting. 
[36mINFO[0m[0000] ENTRYPOINT ["/bdd-gh-1574355952"]            
[36mINFO[0m[0000] No files changed in this command, skipping snapshotting. 
[36mINFO[0m[0000] Using files from context: [/workspace/source/bin] 
[36mINFO[0m[0000] COPY ./bin/ /                                
[36mINFO[0m[0000] Taking snapshot of files...                  
2019/11/21 17:40:43 pushed blob: sha256:e79e02595a9c5cd3921925e5d79c90680eb5bfdcf5fc6e444bbb189b315d714c
2019/11/21 17:40:44 pushed blob: sha256:9ed31194d6a7b02cfc468299c41c716e9c7773f3f2f01c7943ad700c9ba5a0ed
2019/11/21 17:40:45 gcr.io/jenkins-x-bdd3/bdd-gh-1574355952:0.0.0-SNAPSHOT-PR-1-1: digest: sha256:22317e54d1f039fe4cc7bb101e43d16371a090bc031c69279de75373066bf3eb size: 428

Showing logs for build [32mcb-kubecd-bdd-gh-1574355952-pr-1[0m stage [32mfrom-build-pack[0m and container [32mstep-postbuild-post-build[0m
no CVE provider running in the current ** namespace so skip adding image to be analysed

Showing logs for build [32mcb-kubecd-bdd-gh-1574355952-pr-1[0m stage [32mfrom-build-pack[0m and container [32mstep-promote-make-preview[0m
sed -i -e "s/version:.*/version: 0.0.0-SNAPSHOT-PR-1-1/" Chart.yaml
sed -i -e "s/version:.*/version: 0.0.0-SNAPSHOT-PR-1-1/" ../*/Chart.yaml
sed -i -e "s|repository:.*|repository: gcr.io\/jenkins-x-bdd3\/bdd-gh-1574355952|" values.yaml
sed -i -e "s/tag:.*/tag: 0.0.0-SNAPSHOT-PR-1-1/" values.yaml
echo "  version: 0.0.0-SNAPSHOT-PR-1-1" >> requirements.yaml
** step helm build
WARNING: No $CHART_REPOSITORY defined so using the default value of: http://jenkins-x-chartmuseum:8080
Adding missing Helm repo: storage.googleapis.com https://storage.googleapis.com/chartmuseum.jenkins-x.io
Read credentials for https://storage.googleapis.com/chartmuseum.jenkins-x.io from vault helm/repos
Successfully added Helm repository storage.googleapis.com.
Adding missing Helm repo: jenkins-x-chartmuseum http://jenkins-x-chartmuseum:8080
Read credentials for http://jenkins-x-chartmuseum:8080 from vault helm/repos
Successfully added Helm repository jenkins-x-chartmuseum.
WARNING: No $CHART_REPOSITORY defined so using the default value of: http://jenkins-x-chartmuseum:8080
Adding missing Helm repo: chartmuseum.jenkins-x.io http://chartmuseum.jenkins-x.io
Read credentials for http://chartmuseum.jenkins-x.io from vault helm/repos
Successfully added Helm repository chartmuseum.jenkins-x.io.

Showing logs for build [32mcb-kubecd-bdd-gh-1574355952-pr-1[0m stage [32mfrom-build-pack[0m and container [32mstep-promote-jx-preview[0m
Creating a preview
Created environment cb-kubecd-bdd-gh-1574355952-pr-1
Namespace **-cb-kubecd-bdd-gh-1574355952-pr-1 created 
expose:
  Annotations:
    helm.sh/hook: post-install,post-upgrade
    helm.sh/hook-delete-policy: hook-succeeded
  config:
    domain: 34.77.147.247.nip.io
    exposer: Ingress
    http: "true"
preview:
  image:
    repository: gcr.io/jenkins-x-bdd3/bdd-gh-1574355952
    tag: 0.0.0-SNAPSHOT-PR-1-1


Updating PipelineActivities cb-kubecd-bdd-gh-1574355952-pr-1-1 which has status Running
Preview application is now available at: http://bdd-gh-1574355952.**-cb-kubecd-bdd-gh-1574355952-pr-1.34.77.147.247.nip.io
